<?xml version="1.0" encoding="UTF-8"?>
<testng-results ignored="0" total="1" passed="1" failed="0" skipped="0">
  <reporter-output>
  </reporter-output>
  <suite started-at="2022-10-06T17:47:38 IST" name="Default suite" finished-at="2022-10-06T17:47:59 IST" duration-ms="21639">
    <groups>
    </groups>
    <test started-at="2022-10-06T17:47:38 IST" name="Default test" finished-at="2022-10-06T17:47:59 IST" duration-ms="21639">
      <class name="script.InvalidLogin">
        <test-method is-config="true" signature="initReport()[pri:0, instance:script.InvalidLogin@41d477ed]" started-at="2022-10-06T17:47:37 IST" name="initReport" finished-at="2022-10-06T17:47:38 IST" duration-ms="364" status="PASS">
          <reporter-output>
          </reporter-output>
        </test-method> <!-- initReport -->
        <test-method is-config="true" signature="openApp(java.lang.String,java.lang.reflect.Method)[pri:0, instance:script.InvalidLogin@41d477ed]" started-at="2022-10-06T17:47:38 IST" name="openApp" finished-at="2022-10-06T17:47:55 IST" duration-ms="17334" status="PASS">
          <params>
            <param index="0">
              <value>
                <![CDATA[config.properties]]>
              </value>
            </param>
            <param index="1">
              <value>
                <![CDATA[public void script.InvalidLogin.testInvalidLogin()]]>
              </value>
            </param>
          </params>
          <reporter-output>
          </reporter-output>
        </test-method> <!-- openApp -->
        <test-method signature="testInvalidLogin()[pri:2, instance:script.InvalidLogin@41d477ed]" started-at="2022-10-06T17:47:55 IST" name="testInvalidLogin" finished-at="2022-10-06T17:47:59 IST" duration-ms="3707" status="PASS">
          <reporter-output>
          </reporter-output>
        </test-method> <!-- testInvalidLogin -->
        <test-method is-config="true" signature="closeApp(org.testng.ITestResult)[pri:0, instance:script.InvalidLogin@41d477ed]" started-at="2022-10-06T17:47:59 IST" name="closeApp" finished-at="2022-10-06T17:47:59 IST" duration-ms="554" status="PASS">
          <params>
            <param index="0">
              <value>
                <![CDATA[[TestResult name=testInvalidLogin status=SUCCESS method=InvalidLogin.testInvalidLogin()[pri:2, instance:script.InvalidLogin@41d477ed] output={null}]]]>
              </value>
            </param>
          </params>
          <reporter-output>
          </reporter-output>
        </test-method> <!-- closeApp -->
        <test-method is-config="true" signature="publishReport()[pri:0, instance:script.InvalidLogin@41d477ed]" started-at="2022-10-06T17:47:59 IST" name="publishReport" finished-at="2022-10-06T17:48:00 IST" duration-ms="408" status="PASS">
          <reporter-output>
          </reporter-output>
        </test-method> <!-- publishReport -->
      </class> <!-- script.InvalidLogin -->
    </test> <!-- Default test -->
  </suite> <!-- Default suite -->
</testng-results>
