<?xml version="1.0" encoding="UTF-8"?>
<testng-results ignored="0" total="1" passed="1" failed="0" skipped="0">
  <reporter-output>
  </reporter-output>
  <suite started-at="2022-10-06T15:37:27 IST" name="Default suite" finished-at="2022-10-06T15:37:45 IST" duration-ms="18906">
    <groups>
    </groups>
    <test started-at="2022-10-06T15:37:27 IST" name="Default test" finished-at="2022-10-06T15:37:45 IST" duration-ms="18906">
      <class name="script.ValidLogin">
        <test-method is-config="true" signature="initReport()[pri:0, instance:script.ValidLogin@41d477ed]" started-at="2022-10-06T15:37:26 IST" name="initReport" finished-at="2022-10-06T15:37:27 IST" duration-ms="317" status="PASS">
          <reporter-output>
          </reporter-output>
        </test-method> <!-- initReport -->
        <test-method is-config="true" signature="openApp(java.lang.String,java.lang.reflect.Method)[pri:0, instance:script.ValidLogin@41d477ed]" started-at="2022-10-06T15:37:27 IST" name="openApp" finished-at="2022-10-06T15:37:39 IST" duration-ms="12426" status="PASS">
          <params>
            <param index="0">
              <value>
                <![CDATA[config.properties]]>
              </value>
            </param>
            <param index="1">
              <value>
                <![CDATA[public void script.ValidLogin.testValidLogin()]]>
              </value>
            </param>
          </params>
          <reporter-output>
          </reporter-output>
        </test-method> <!-- openApp -->
        <test-method signature="testValidLogin()[pri:1, instance:script.ValidLogin@41d477ed]" started-at="2022-10-06T15:37:39 IST" name="testValidLogin" finished-at="2022-10-06T15:37:45 IST" duration-ms="5862" status="PASS">
          <reporter-output>
          </reporter-output>
        </test-method> <!-- testValidLogin -->
        <test-method is-config="true" signature="closeApp(org.testng.ITestResult)[pri:0, instance:script.ValidLogin@41d477ed]" started-at="2022-10-06T15:37:45 IST" name="closeApp" finished-at="2022-10-06T15:37:45 IST" duration-ms="563" status="PASS">
          <params>
            <param index="0">
              <value>
                <![CDATA[[TestResult name=testValidLogin status=SUCCESS method=ValidLogin.testValidLogin()[pri:1, instance:script.ValidLogin@41d477ed] output={null}]]]>
              </value>
            </param>
          </params>
          <reporter-output>
          </reporter-output>
        </test-method> <!-- closeApp -->
        <test-method is-config="true" signature="publishReport()[pri:0, instance:script.ValidLogin@41d477ed]" started-at="2022-10-06T15:37:46 IST" name="publishReport" finished-at="2022-10-06T15:37:46 IST" duration-ms="358" status="PASS">
          <reporter-output>
          </reporter-output>
        </test-method> <!-- publishReport -->
      </class> <!-- script.ValidLogin -->
    </test> <!-- Default test -->
  </suite> <!-- Default suite -->
</testng-results>
